New log file opened at Fri Jun 26 05:32:04 CEST 2015 by 5464@dAvEmac.local
jvm 5464@dAvEmac.local
jvm vmName=Java HotSpot(TM) 64-Bit Server VM vmVendor=Oracle Corporation vmVersion=25.5-b02
jvm specName=Java Virtual Machine Specification specVendor=Oracle Corporation specVersion=1.8
jvm arguments: [-Xms256m, -Xmx1024m, -XX:MetaspaceSize=64m, -XX:MaxMetaspaceSize=256m]
Starting event engine
Starting sbt command engine
Waiting for sbt command engine
Command engine arguments=List()
Command engine baseDirectory=/Users/dave/Sites/bsc_thesis/pplibdataanalyzer
Command engine initial remaining commands List(--initialize, onFailure load-failed, boot, server-send-ready-for-request, server-handle-next-server-request)
> --initialize
> initialize
> onFailure load-failed
> boot
> reload
[Loading] Scanning directory /Users/dave/Sites/bsc_thesis/pplibdataanalyzer/project
[Loading] Found non-root projects 
[Loading] Done in /Users/dave/Sites/bsc_thesis/pplibdataanalyzer/project, returning: ()
deducing auto plugins based on known facts Set(Atom(sbt.plugins.CorePlugin)) and clauses Clauses(List(Clause(Atom(sbt.plugins.JvmPlugin),Set(Atom(sbt.plugins.IvyPlugin))), Clause(Atom(sbt.plugins.JUnitXmlReportPlugin),Set(Atom(sbt.plugins.JvmPlugin))), Clause(Atom(sbt.plugins.CorePlugin),Set(Atom(sbt.plugins.IvyPlugin))), Clause(Atom(sbt.plugins.IvyPlugin),Set(Atom(sbt.plugins.JvmPlugin))), Clause(Atom(sbt.plugins.JvmPlugin),Set(Atom(sbt.plugins.JUnitXmlReportPlugin)))))
  :: deduced result: Matched(sbt.plugins.CorePlugin,sbt.plugins.IvyPlugin,sbt.plugins.JvmPlugin,sbt.plugins.JUnitXmlReportPlugin)
sorting: ns: List(sbt.plugins.CorePlugin, sbt.plugins.IvyPlugin, sbt.plugins.JvmPlugin, sbt.plugins.JUnitXmlReportPlugin)
  :: sorting:: found: List(sbt.plugins.CorePlugin) not found List(sbt.plugins.IvyPlugin, sbt.plugins.JvmPlugin, sbt.plugins.JUnitXmlReportPlugin)
  :: sorting:: found: List(sbt.plugins.CorePlugin, sbt.plugins.IvyPlugin) not found List(sbt.plugins.JvmPlugin, sbt.plugins.JUnitXmlReportPlugin)
  :: sorting:: found: List(sbt.plugins.CorePlugin, sbt.plugins.IvyPlugin, sbt.plugins.JvmPlugin) not found List(sbt.plugins.JUnitXmlReportPlugin)
  :: sorting:: found: List(sbt.plugins.CorePlugin, sbt.plugins.IvyPlugin, sbt.plugins.JvmPlugin, sbt.plugins.JUnitXmlReportPlugin) not found List()
  :: sorted deduced result: List(sbt.plugins.CorePlugin, sbt.plugins.IvyPlugin, sbt.plugins.JvmPlugin, sbt.plugins.JUnitXmlReportPlugin)
[Loading] Done in /Users/dave/Sites/bsc_thesis/pplibdataanalyzer/project, returning: (pplibdataanalyzer-build)
Loading project definition from /Users/dave/Sites/bsc_thesis/pplibdataanalyzer/project
Running task... Cancel: sbt.TaskCancellationStrategy$Null$@62fd33d8, check cycles: false

Initial source changes: 
	removed:Set()
	added: Set()
	modified: Set()
Removed products: Set()
External API changes: API Changes: Set()
Modified binary dependencies: Set()
Initial directly invalidated sources: Set()

Sources indirectly invalidated by:
	product: Set()
	binary dep: Set()
	external source: Set()
All initially invalidated sources: Set()

Copy resource mappings: 
	
[Loading] Scanning directory /Users/dave/Sites/bsc_thesis/pplibdataanalyzer
[Loading] Found root project root w/ remaining 
deducing auto plugins based on known facts Set(Atom(play.PlayScala), Atom(sbt.plugins.CorePlugin)) and clauses Clauses(List(Clause(Atom(sbt.plugins.JvmPlugin),Set(Atom(sbt.plugins.IvyPlugin))), Clause(Atom(sbt.plugins.JUnitXmlReportPlugin),Set(Atom(sbt.plugins.JvmPlugin))), Clause(Atom(play.sbt.forkrun.PlayForkRun),Set(Atom(sbt.plugins.BackgroundRunPlugin))), Clause(Atom(play.sbt.forkrun.PlayForkRun),Set(Atom(play.Play))), Clause(Atom(play.sbt.forkrun.PlayForkRun),Set(Atom(sbt.plugins.SerializersPlugin))), Clause(Atom(play.Play),Set(Atom(com.typesafe.sbt.webdriver.SbtWebDriver))), Clause(Atom(play.Play),Set(Atom(play.twirl.sbt.SbtTwirl))), Clause(Atom(play.Play),Set(Atom(com.typesafe.sbt.jse.SbtJsTask))), Clause(Atom(play.PlayJava),Set(Atom(play.Play))), Clause(Atom(play.PlayScala),Set(Atom(play.Play))), Clause(Atom(play.twirl.sbt.SbtTwirl),Set(Atom(sbt.plugins.JvmPlugin))), Clause(Atom(com.typesafe.sbt.jse.SbtJsEngine),Set(Atom(com.typesafe.sbt.web.SbtWeb))), Clause(Atom(com.typesafe.sbt.jse.SbtJsTask),Set(Atom(com.typesafe.sbt.jse.SbtJsEngine))), Clause(Atom(com.typesafe.sbt.webdriver.SbtWebDriver),Set(Atom(com.typesafe.sbt.web.SbtWeb))), Clause(Atom(sbt.plugins.BackgroundRunPlugin),Set(Atom(sbt.plugins.JvmPlugin))), Clause(Atom(com.typesafe.sbt.coffeescript.SbtCoffeeScript),Set(Atom(com.typesafe.sbt.jse.SbtJsTask))), Clause(Atom(com.typesafe.sbt.less.SbtLess),Set(Atom(com.typesafe.sbt.jse.SbtJsTask))), Clause(Atom(com.typesafe.sbt.jshint.SbtJSHint),Set(Atom(com.typesafe.sbt.jse.SbtJsTask))), Clause(Atom(com.typesafe.sbt.rjs.SbtRjs),Set(Atom(com.typesafe.sbt.jse.SbtJsTask))), Clause(Atom(com.typesafe.sbt.digest.SbtDigest),Set(Atom(com.typesafe.sbt.web.SbtWeb))), Clause(Atom(com.typesafe.sbt.mocha.SbtMocha),Set(Atom(com.typesafe.sbt.jse.SbtJsTask))), Clause(Atom(sbt.plugins.CorePlugin),Set(Atom(sbt.plugins.IvyPlugin))), Clause(Atom(sbt.plugins.IvyPlugin),Set(Atom(sbt.plugins.JvmPlugin))), Clause(Atom(sbt.plugins.JvmPlugin),Set(Atom(sbt.plugins.JUnitXmlReportPlugin))), Clause(And(Set(Atom(sbt.plugins.BackgroundRunPlugin), Atom(play.Play), Atom(sbt.plugins.SerializersPlugin))),Set(Atom(play.sbt.forkrun.PlayForkRun))), Clause(Atom(com.typesafe.sbt.web.SbtWeb),Set(Atom(com.typesafe.sbt.jse.SbtJsEngine))), Clause(Atom(com.typesafe.sbt.jse.SbtJsEngine),Set(Atom(com.typesafe.sbt.jse.SbtJsTask))), Clause(Atom(com.typesafe.sbt.web.SbtWeb),Set(Atom(com.typesafe.sbt.webdriver.SbtWebDriver))), Clause(Atom(sbt.plugins.JvmPlugin),Set(Atom(sbt.plugins.BackgroundRunPlugin))), Clause(Atom(sbt.plugins.CorePlugin),Set(Atom(sbt.plugins.InteractionServicePlugin))), Clause(Atom(sbt.plugins.CorePlugin),Set(Atom(sbt.plugins.SendEventServicePlugin))), Clause(Atom(sbt.plugins.CorePlugin),Set(Atom(sbt.plugins.SerializersPlugin))), Clause(Atom(com.typesafe.sbt.jse.SbtJsTask),Set(Atom(com.typesafe.sbt.coffeescript.SbtCoffeeScript))), Clause(Atom(com.typesafe.sbt.jse.SbtJsTask),Set(Atom(com.typesafe.sbt.less.SbtLess))), Clause(Atom(com.typesafe.sbt.jse.SbtJsTask),Set(Atom(com.typesafe.sbt.jshint.SbtJSHint))), Clause(Atom(com.typesafe.sbt.jse.SbtJsTask),Set(Atom(com.typesafe.sbt.rjs.SbtRjs))), Clause(Atom(com.typesafe.sbt.web.SbtWeb),Set(Atom(com.typesafe.sbt.digest.SbtDigest))), Clause(Atom(com.typesafe.sbt.jse.SbtJsTask),Set(Atom(com.typesafe.sbt.mocha.SbtMocha)))))
  :: deduced result: Matched(sbt.plugins.CorePlugin,play.PlayScala,sbt.plugins.InteractionServicePlugin,sbt.plugins.SendEventServicePlugin,play.Play,sbt.plugins.SerializersPlugin,sbt.plugins.IvyPlugin,sbt.plugins.JvmPlugin,com.typesafe.sbt.jse.SbtJsTask,play.twirl.sbt.SbtTwirl,com.typesafe.sbt.webdriver.SbtWebDriver,com.typesafe.sbt.jshint.SbtJSHint,sbt.plugins.JUnitXmlReportPlugin,com.typesafe.sbt.mocha.SbtMocha,com.typesafe.sbt.less.SbtLess,com.typesafe.sbt.web.SbtWeb,com.typesafe.sbt.rjs.SbtRjs,com.typesafe.sbt.jse.SbtJsEngine,com.typesafe.sbt.coffeescript.SbtCoffeeScript,sbt.plugins.BackgroundRunPlugin,com.typesafe.sbt.digest.SbtDigest,play.sbt.forkrun.PlayForkRun)
sorting: ns: List(sbt.plugins.CorePlugin, play.PlayScala, sbt.plugins.InteractionServicePlugin, sbt.plugins.SendEventServicePlugin, play.Play, sbt.plugins.SerializersPlugin, sbt.plugins.IvyPlugin, sbt.plugins.JvmPlugin, com.typesafe.sbt.jse.SbtJsTask, play.twirl.sbt.SbtTwirl, com.typesafe.sbt.webdriver.SbtWebDriver, com.typesafe.sbt.jshint.SbtJSHint, sbt.plugins.JUnitXmlReportPlugin, com.typesafe.sbt.mocha.SbtMocha, com.typesafe.sbt.less.SbtLess, com.typesafe.sbt.web.SbtWeb, com.typesafe.sbt.rjs.SbtRjs, com.typesafe.sbt.jse.SbtJsEngine, com.typesafe.sbt.coffeescript.SbtCoffeeScript, sbt.plugins.BackgroundRunPlugin, com.typesafe.sbt.digest.SbtDigest, play.sbt.forkrun.PlayForkRun)
  :: sorting:: found: List(sbt.plugins.CorePlugin, com.typesafe.sbt.web.SbtWeb) not found List(play.PlayScala, sbt.plugins.InteractionServicePlugin, sbt.plugins.SendEventServicePlugin, play.Play, sbt.plugins.SerializersPlugin, sbt.plugins.IvyPlugin, sbt.plugins.JvmPlugin, com.typesafe.sbt.jse.SbtJsTask, play.twirl.sbt.SbtTwirl, com.typesafe.sbt.webdriver.SbtWebDriver, com.typesafe.sbt.jshint.SbtJSHint, sbt.plugins.JUnitXmlReportPlugin, com.typesafe.sbt.mocha.SbtMocha, com.typesafe.sbt.less.SbtLess, com.typesafe.sbt.rjs.SbtRjs, com.typesafe.sbt.jse.SbtJsEngine, com.typesafe.sbt.coffeescript.SbtCoffeeScript, sbt.plugins.BackgroundRunPlugin, com.typesafe.sbt.digest.SbtDigest, play.sbt.forkrun.PlayForkRun)
  :: sorting:: found: List(sbt.plugins.CorePlugin, com.typesafe.sbt.web.SbtWeb, sbt.plugins.InteractionServicePlugin, sbt.plugins.SendEventServicePlugin, sbt.plugins.SerializersPlugin, sbt.plugins.IvyPlugin, com.typesafe.sbt.webdriver.SbtWebDriver, com.typesafe.sbt.jse.SbtJsEngine, com.typesafe.sbt.digest.SbtDigest) not found List(play.PlayScala, play.Play, sbt.plugins.JvmPlugin, com.typesafe.sbt.jse.SbtJsTask, play.twirl.sbt.SbtTwirl, com.typesafe.sbt.jshint.SbtJSHint, sbt.plugins.JUnitXmlReportPlugin, com.typesafe.sbt.mocha.SbtMocha, com.typesafe.sbt.less.SbtLess, com.typesafe.sbt.rjs.SbtRjs, com.typesafe.sbt.coffeescript.SbtCoffeeScript, sbt.plugins.BackgroundRunPlugin, play.sbt.forkrun.PlayForkRun)
  :: sorting:: found: List(sbt.plugins.CorePlugin, com.typesafe.sbt.web.SbtWeb, sbt.plugins.InteractionServicePlugin, sbt.plugins.SendEventServicePlugin, sbt.plugins.SerializersPlugin, sbt.plugins.IvyPlugin, com.typesafe.sbt.webdriver.SbtWebDriver, com.typesafe.sbt.jse.SbtJsEngine, com.typesafe.sbt.digest.SbtDigest, sbt.plugins.JvmPlugin, com.typesafe.sbt.jse.SbtJsTask) not found List(play.PlayScala, play.Play, play.twirl.sbt.SbtTwirl, com.typesafe.sbt.jshint.SbtJSHint, sbt.plugins.JUnitXmlReportPlugin, com.typesafe.sbt.mocha.SbtMocha, com.typesafe.sbt.less.SbtLess, com.typesafe.sbt.rjs.SbtRjs, com.typesafe.sbt.coffeescript.SbtCoffeeScript, sbt.plugins.BackgroundRunPlugin, play.sbt.forkrun.PlayForkRun)
  :: sorting:: found: List(sbt.plugins.CorePlugin, com.typesafe.sbt.web.SbtWeb, sbt.plugins.InteractionServicePlugin, sbt.plugins.SendEventServicePlugin, sbt.plugins.SerializersPlugin, sbt.plugins.IvyPlugin, com.typesafe.sbt.webdriver.SbtWebDriver, com.typesafe.sbt.jse.SbtJsEngine, com.typesafe.sbt.digest.SbtDigest, sbt.plugins.JvmPlugin, com.typesafe.sbt.jse.SbtJsTask, play.twirl.sbt.SbtTwirl, com.typesafe.sbt.jshint.SbtJSHint, sbt.plugins.JUnitXmlReportPlugin, com.typesafe.sbt.mocha.SbtMocha, com.typesafe.sbt.less.SbtLess, com.typesafe.sbt.rjs.SbtRjs, com.typesafe.sbt.coffeescript.SbtCoffeeScript, sbt.plugins.BackgroundRunPlugin) not found List(play.PlayScala, play.Play, play.sbt.forkrun.PlayForkRun)
  :: sorting:: found: List(sbt.plugins.CorePlugin, com.typesafe.sbt.web.SbtWeb, sbt.plugins.InteractionServicePlugin, sbt.plugins.SendEventServicePlugin, sbt.plugins.SerializersPlugin, sbt.plugins.IvyPlugin, com.typesafe.sbt.webdriver.SbtWebDriver, com.typesafe.sbt.jse.SbtJsEngine, com.typesafe.sbt.digest.SbtDigest, sbt.plugins.JvmPlugin, com.typesafe.sbt.jse.SbtJsTask, play.twirl.sbt.SbtTwirl, com.typesafe.sbt.jshint.SbtJSHint, sbt.plugins.JUnitXmlReportPlugin, com.typesafe.sbt.mocha.SbtMocha, com.typesafe.sbt.less.SbtLess, com.typesafe.sbt.rjs.SbtRjs, com.typesafe.sbt.coffeescript.SbtCoffeeScript, sbt.plugins.BackgroundRunPlugin, play.Play) not found List(play.PlayScala, play.sbt.forkrun.PlayForkRun)
  :: sorting:: found: List(sbt.plugins.CorePlugin, com.typesafe.sbt.web.SbtWeb, sbt.plugins.InteractionServicePlugin, sbt.plugins.SendEventServicePlugin, sbt.plugins.SerializersPlugin, sbt.plugins.IvyPlugin, com.typesafe.sbt.webdriver.SbtWebDriver, com.typesafe.sbt.jse.SbtJsEngine, com.typesafe.sbt.digest.SbtDigest, sbt.plugins.JvmPlugin, com.typesafe.sbt.jse.SbtJsTask, play.twirl.sbt.SbtTwirl, com.typesafe.sbt.jshint.SbtJSHint, sbt.plugins.JUnitXmlReportPlugin, com.typesafe.sbt.mocha.SbtMocha, com.typesafe.sbt.less.SbtLess, com.typesafe.sbt.rjs.SbtRjs, com.typesafe.sbt.coffeescript.SbtCoffeeScript, sbt.plugins.BackgroundRunPlugin, play.Play, play.PlayScala, play.sbt.forkrun.PlayForkRun) not found List()
  :: sorted deduced result: List(sbt.plugins.CorePlugin, com.typesafe.sbt.web.SbtWeb, sbt.plugins.InteractionServicePlugin, sbt.plugins.SendEventServicePlugin, sbt.plugins.SerializersPlugin, sbt.plugins.IvyPlugin, com.typesafe.sbt.webdriver.SbtWebDriver, com.typesafe.sbt.jse.SbtJsEngine, com.typesafe.sbt.digest.SbtDigest, sbt.plugins.JvmPlugin, com.typesafe.sbt.jse.SbtJsTask, play.twirl.sbt.SbtTwirl, com.typesafe.sbt.jshint.SbtJSHint, sbt.plugins.JUnitXmlReportPlugin, com.typesafe.sbt.mocha.SbtMocha, com.typesafe.sbt.less.SbtLess, com.typesafe.sbt.rjs.SbtRjs, com.typesafe.sbt.coffeescript.SbtCoffeeScript, sbt.plugins.BackgroundRunPlugin, play.Play, play.PlayScala, play.sbt.forkrun.PlayForkRun)
[Loading] Done in /Users/dave/Sites/bsc_thesis/pplibdataanalyzer, returning: (root)
Set current project to PPLibDataAnalyzer (in build file:/Users/dave/Sites/bsc_thesis/pplibdataanalyzer/)
Reapplying settings...
Set current project to PPLibDataAnalyzer (in build file:/Users/dave/Sites/bsc_thesis/pplibdataanalyzer/)
> iflast shell
> server-send-ready-for-request
> server-handle-next-server-request
> {file:/Users/dave/Sites/bsc_thesis/pplibdataanalyzer/}root/compile:mainClass
Evaluating tasks: compile:mainClass
Running task... Cancel: sbt.server.ServerTaskCancellation@79c48153, check cycles: false
Total time: 0 s, completed 26.06.2015 05:32:08
> server-post-command-cleanup
> server-handle-next-server-request
> {file:/Users/dave/Sites/bsc_thesis/pplibdataanalyzer/}root/compile:discoveredMainClasses
Evaluating tasks: compile:discoveredMainClasses
Running task... Cancel: sbt.server.ServerTaskCancellation@542c02b5, check cycles: false

Initial source changes: 
	removed:Set()
	added: Set()
	modified: Set()
Removed products: Set()
External API changes: API Changes: Set()
Modified binary dependencies: Set()
Initial directly invalidated sources: Set()

Sources indirectly invalidated by:
	product: Set()
	binary dep: Set()
	external source: Set()
All initially invalidated sources: Set()

Total time: 1 s, completed 26.06.2015 05:32:09
> server-post-command-cleanup
> server-handle-next-server-request
> {file:/Users/dave/Sites/bsc_thesis/pplibdataanalyzer/}root/compile:mainClass
Evaluating tasks: compile:mainClass
Running task... Cancel: sbt.server.ServerTaskCancellation@4790d431, check cycles: false
Total time: 0 s, completed 26.06.2015 05:32:09
> server-post-command-cleanup
> server-handle-next-server-request
> {file:/Users/dave/Sites/bsc_thesis/pplibdataanalyzer/}root/compile:discoveredMainClasses
Evaluating tasks: compile:discoveredMainClasses
Running task... Cancel: sbt.server.ServerTaskCancellation@44426d76, check cycles: false

Initial source changes: 
	removed:Set()
	added: Set()
	modified: Set()
Removed products: Set()
External API changes: API Changes: Set()
Modified binary dependencies: Set()
Initial directly invalidated sources: Set()

Sources indirectly invalidated by:
	product: Set()
	binary dep: Set()
	external source: Set()
All initially invalidated sources: Set()

Total time: 1 s, completed 26.06.2015 05:32:10
> server-post-command-cleanup
> server-handle-next-server-request
> backgroundRun
Evaluating tasks: compile:backgroundRun
Running task... Cancel: sbt.server.ServerTaskCancellation@5d8d5f17, check cycles: false
Total time: 0 s, completed 26.06.2015 05:32:15
> server-post-command-cleanup
> server-handle-next-server-request
> {file:/Users/dave/Sites/bsc_thesis/pplibdataanalyzer/}root/*:playForkConfig
Evaluating tasks: *:playForkConfig
Running task... Cancel: sbt.server.ServerTaskCancellation@4b04042f, check cycles: false
Total time: 0 s, completed 26.06.2015 05:32:17
> server-post-command-cleanup
> server-handle-next-server-request
> root/playForkNotifyStart http://localhost:9000
Evaluating tasks: *:playForkNotifyStart
Running task... Cancel: sbt.server.ServerTaskCancellation@5bb5c8e5, check cycles: false
Total time: 0 s, completed 26.06.2015 05:32:18
> server-post-command-cleanup
> server-handle-next-server-request
> {file:/Users/dave/Sites/bsc_thesis/pplibdataanalyzer/}root/*:playForkReload
Evaluating tasks: *:playForkReload
Running task... Cancel: sbt.server.ServerTaskCancellation@537f9572, check cycles: false

Initial source changes: 
	removed:Set()
	added: Set()
	modified: Set()
Removed products: Set()
External API changes: API Changes: Set()
Modified binary dependencies: Set()
Initial directly invalidated sources: Set()

Sources indirectly invalidated by:
	product: Set()
	binary dep: Set()
	external source: Set()
All initially invalidated sources: Set()

Copy resource mappings: 
	(/Users/dave/Sites/bsc_thesis/pplibdataanalyzer/conf/application.conf,/Users/dave/Sites/bsc_thesis/pplibdataanalyzer/target/scala-2.11/classes/application.conf)
	(/Users/dave/Sites/bsc_thesis/pplibdataanalyzer/conf/routes,/Users/dave/Sites/bsc_thesis/pplibdataanalyzer/target/scala-2.11/classes/routes)
Total time: 1 s, completed 26.06.2015 05:32:21
> server-post-command-cleanup
> server-handle-next-server-request
> {file:/Users/dave/Sites/bsc_thesis/pplibdataanalyzer/}root/*:playForkReload
Evaluating tasks: *:playForkReload
Running task... Cancel: sbt.server.ServerTaskCancellation@2a9cde1e, check cycles: false

Initial source changes: 
	removed:Set()
	added: Set()
	modified: Set(/Users/dave/Sites/bsc_thesis/pplibdataanalyzer/target/scala-2.11/twirl/main/views/html/coordinatelist.template.scala)
Removed products: Set()
External API changes: API Changes: Set()
Modified binary dependencies: Set()
Initial directly invalidated sources: Set(/Users/dave/Sites/bsc_thesis/pplibdataanalyzer/target/scala-2.11/twirl/main/views/html/coordinatelist.template.scala)

Sources indirectly invalidated by:
	product: Set()
	binary dep: Set()
	external source: Set()
All initially invalidated sources: Set(/Users/dave/Sites/bsc_thesis/pplibdataanalyzer/target/scala-2.11/twirl/main/views/html/coordinatelist.template.scala)

Read from stdout: Compiling 1 Scala source to /Users/dave/Sites/bsc_thesis/pplibdataanalyzer/target/scala-2.11/classes...
Compiling 1 Scala source to /Users/dave/Sites/bsc_thesis/pplibdataanalyzer/target/scala-2.11/classes...
Getting compiler-interface from component compiler for Scala 2.11.1
Other repositories:
Default repositories:
Getting compiler-interface from component compiler for Scala 2.11.1
Other repositories:
Default repositories:
Running cached compiler 774b1faf, interfacing (CompilerInterface) with Scala compiler version 2.11.1
Calling Scala compiler with arguments  (CompilerInterface):
	-deprecation
	-unchecked
	-encoding
	utf8
	-bootclasspath
	/Library/Java/JavaVirtualMachines/jdk1.8.0_05.jdk/Contents/Home/jre/lib/resources.jar:/Library/Java/JavaVirtualMachines/jdk1.8.0_05.jdk/Contents/Home/jre/lib/rt.jar:/Library/Java/JavaVirtualMachines/jdk1.8.0_05.jdk/Contents/Home/jre/lib/sunrsasign.jar:/Library/Java/JavaVirtualMachines/jdk1.8.0_05.jdk/Contents/Home/jre/lib/jsse.jar:/Library/Java/JavaVirtualMachines/jdk1.8.0_05.jdk/Contents/Home/jre/lib/jce.jar:/Library/Java/JavaVirtualMachines/jdk1.8.0_05.jdk/Contents/Home/jre/lib/charsets.jar:/Library/Java/JavaVirtualMachines/jdk1.8.0_05.jdk/Contents/Home/jre/lib/jfr.jar:/Library/Java/JavaVirtualMachines/jdk1.8.0_05.jdk/Contents/Home/jre/classes:/Users/dave/.ivy2/cache/org.scala-lang/scala-library/jars/scala-library-2.11.1.jar
	-classpath
	/Users/dave/Sites/bsc_thesis/pplibdataanalyzer/target/scala-2.11/classes:/Users/dave/.ivy2/cache/com.typesafe.play/twirl-api_2.11/jars/twirl-api_2.11-1.0.2.jar:/Users/dave/.ivy2/cache/org.apache.commons/commons-lang3/jars/commons-lang3-3.1.jar:/Users/dave/.ivy2/cache/org.scala-lang.modules/scala-xml_2.11/bundles/scala-xml_2.11-1.0.1.jar:/Users/dave/.ivy2/cache/com.typesafe.play/play_2.11/jars/play_2.11-2.3.9.jar:/Users/dave/.ivy2/cache/com.typesafe.play/build-link/jars/build-link-2.3.9.jar:/Users/dave/.ivy2/cache/com.typesafe.play/play-exceptions/jars/play-exceptions-2.3.9.jar:/Users/dave/.ivy2/cache/org.javassist/javassist/bundles/javassist-3.18.2-GA.jar:/Users/dave/.ivy2/cache/com.typesafe.play/play-iteratees_2.11/jars/play-iteratees_2.11-2.3.9.jar:/Users/dave/.ivy2/cache/org.scala-stm/scala-stm_2.11/jars/scala-stm_2.11-0.7.jar:/Users/dave/.ivy2/cache/com.typesafe/config/bundles/config-1.2.1.jar:/Users/dave/.ivy2/cache/com.typesafe.play/play-json_2.11/jars/play-json_2.11-2.3.9.jar:/Users/dave/.ivy2/cache/com.typesafe.play/play-functional_2.11/jars/play-functional_2.11-2.3.9.jar:/Users/dave/.ivy2/cache/com.typesafe.play/play-datacommons_2.11/jars/play-datacommons_2.11-2.3.9.jar:/Users/dave/.ivy2/cache/joda-time/joda-time/jars/joda-time-2.3.jar:/Users/dave/.ivy2/cache/org.joda/joda-convert/jars/joda-convert-1.6.jar:/Users/dave/.ivy2/cache/com.fasterxml.jackson.core/jackson-annotations/bundles/jackson-annotations-2.3.2.jar:/Users/dave/.ivy2/cache/com.fasterxml.jackson.core/jackson-core/bundles/jackson-core-2.3.2.jar:/Users/dave/.ivy2/cache/com.fasterxml.jackson.core/jackson-databind/bundles/jackson-databind-2.3.2.jar:/Users/dave/.ivy2/cache/org.scala-lang/scala-reflect/jars/scala-reflect-2.11.1.jar:/Users/dave/.ivy2/cache/org.scala-lang.modules/scala-parser-combinators_2.11/bundles/scala-parser-combinators_2.11-1.0.1.jar:/Users/dave/.ivy2/cache/io.netty/netty/bundles/netty-3.9.8.Final.jar:/Users/dave/.ivy2/cache/com.typesafe.netty/netty-http-pipelining/jars/netty-http-pipelining-1.1.2.jar:/Users/dave/.ivy2/cache/org.slf4j/slf4j-api/jars/slf4j-api-1.7.6.jar:/Users/dave/.ivy2/cache/org.slf4j/jul-to-slf4j/jars/jul-to-slf4j-1.7.6.jar:/Users/dave/.ivy2/cache/org.slf4j/jcl-over-slf4j/jars/jcl-over-slf4j-1.7.6.jar:/Users/dave/.ivy2/cache/ch.qos.logback/logback-core/jars/logback-core-1.1.1.jar:/Users/dave/.ivy2/cache/ch.qos.logback/logback-classic/jars/logback-classic-1.1.1.jar:/Users/dave/.ivy2/cache/com.typesafe.akka/akka-actor_2.11/jars/akka-actor_2.11-2.3.4.jar:/Users/dave/.ivy2/cache/com.typesafe.akka/akka-slf4j_2.11/jars/akka-slf4j_2.11-2.3.4.jar:/Users/dave/.ivy2/cache/commons-codec/commons-codec/jars/commons-codec-1.9.jar:/Users/dave/.ivy2/cache/xerces/xercesImpl/jars/xercesImpl-2.11.0.jar:/Users/dave/.ivy2/cache/xml-apis/xml-apis/jars/xml-apis-1.4.01.jar:/Users/dave/.ivy2/cache/javax.transaction/jta/jars/jta-1.1.jar:/Users/dave/.ivy2/cache/io.really/jwt-scala_2.11/jars/jwt-scala_2.11-1.2.2.jar:/Users/dave/.ivy2/cache/org.bouncycastle/bcprov-jdk16/jars/bcprov-jdk16-1.46.jar:/Users/dave/.ivy2/cache/com.typesafe.play/play-jdbc_2.11/jars/play-jdbc_2.11-2.3.9.jar:/Users/dave/.ivy2/cache/com.jolbox/bonecp/bundles/bonecp-0.8.0.RELEASE.jar:/Users/dave/.ivy2/cache/com.h2database/h2/jars/h2-1.3.175.jar:/Users/dave/.ivy2/cache/tyrex/tyrex/jars/tyrex-1.0.1.jar:/Users/dave/.ivy2/cache/com.typesafe.play/anorm_2.11/jars/anorm_2.11-2.3.9.jar:/Users/dave/.ivy2/cache/com.jsuereth/scala-arm_2.11/jars/scala-arm_2.11-1.4.jar:/Users/dave/.ivy2/cache/org.scala-lang.plugins/scala-continuations-library_2.11/bundles/scala-continuations-library_2.11-1.0.1.jar:/Users/dave/.ivy2/cache/com.typesafe.play/play-cache_2.11/jars/play-cache_2.11-2.3.9.jar:/Users/dave/.ivy2/cache/net.sf.ehcache/ehcache-core/jars/ehcache-core-2.6.8.jar:/Users/dave/.ivy2/cache/com.typesafe.play/play-ws_2.11/jars/play-ws_2.11-2.3.9.jar:/Users/dave/.ivy2/cache/com.google.guava/guava/bundles/guava-16.0.1.jar:/Users/dave/.ivy2/cache/com.ning/async-http-client/jars/async-http-client-1.8.15.jar:/Users/dave/.ivy2/cache/oauth.signpost/signpost-core/jars/signpost-core-1.2.1.2.jar:/Users/dave/.ivy2/cache/oauth.signpost/signpost-commonshttp4/jars/signpost-commonshttp4-1.2.1.2.jar:/Users/dave/.ivy2/cache/org.apache.httpcomponents/httpcore/jars/httpcore-4.0.1.jar:/Users/dave/.ivy2/cache/org.apache.httpcomponents/httpclient/jars/httpclient-4.0.1.jar:/Users/dave/.ivy2/cache/commons-logging/commons-logging/jars/commons-logging-1.1.1.jar:/Users/dave/.ivy2/cache/com.typesafe.play/filters-helpers_2.11/jars/filters-helpers_2.11-2.3.9.jar:/Users/dave/.ivy2/cache/mysql/mysql-connector-java/jars/mysql-connector-java-5.1.27.jar
Scala compilation took 2.943709 s
New invalidations:
	Set()
Initial set of included nodes: Set()
Previously invalidated, but (transitively) depend on new invalidations:
	Set()
All newly invalidated sources after taking into account (previously) recompiled sources:Set()
Copy resource mappings: 
	(/Users/dave/Sites/bsc_thesis/pplibdataanalyzer/conf/application.conf,/Users/dave/Sites/bsc_thesis/pplibdataanalyzer/target/scala-2.11/classes/application.conf)
	(/Users/dave/Sites/bsc_thesis/pplibdataanalyzer/conf/routes,/Users/dave/Sites/bsc_thesis/pplibdataanalyzer/target/scala-2.11/classes/routes)
Total time: 4 s, completed 26.06.2015 05:32:59
> server-post-command-cleanup
> server-handle-next-server-request
> {file:/Users/dave/Sites/bsc_thesis/pplibdataanalyzer/}root/*:playForkReload
Evaluating tasks: *:playForkReload
Running task... Cancel: sbt.server.ServerTaskCancellation@6ee21661, check cycles: false

Initial source changes: 
	removed:Set()
	added: Set()
	modified: Set(/Users/dave/Sites/bsc_thesis/pplibdataanalyzer/target/scala-2.11/twirl/main/views/html/coordinatelist.template.scala)
Removed products: Set()
External API changes: API Changes: Set()
Modified binary dependencies: Set()
Initial directly invalidated sources: Set(/Users/dave/Sites/bsc_thesis/pplibdataanalyzer/target/scala-2.11/twirl/main/views/html/coordinatelist.template.scala)

Sources indirectly invalidated by:
	product: Set()
	binary dep: Set()
	external source: Set()
All initially invalidated sources: Set(/Users/dave/Sites/bsc_thesis/pplibdataanalyzer/target/scala-2.11/twirl/main/views/html/coordinatelist.template.scala)

Read from stdout: Compiling 1 Scala source to /Users/dave/Sites/bsc_thesis/pplibdataanalyzer/target/scala-2.11/classes...
Compiling 1 Scala source to /Users/dave/Sites/bsc_thesis/pplibdataanalyzer/target/scala-2.11/classes...
Getting compiler-interface from component compiler for Scala 2.11.1
Other repositories:
Default repositories:
Getting compiler-interface from component compiler for Scala 2.11.1
Other repositories:
Default repositories:
Running cached compiler 3e45a17a, interfacing (CompilerInterface) with Scala compiler version 2.11.1
Calling Scala compiler with arguments  (CompilerInterface):
	-deprecation
	-unchecked
	-encoding
	utf8
	-bootclasspath
	/Library/Java/JavaVirtualMachines/jdk1.8.0_05.jdk/Contents/Home/jre/lib/resources.jar:/Library/Java/JavaVirtualMachines/jdk1.8.0_05.jdk/Contents/Home/jre/lib/rt.jar:/Library/Java/JavaVirtualMachines/jdk1.8.0_05.jdk/Contents/Home/jre/lib/sunrsasign.jar:/Library/Java/JavaVirtualMachines/jdk1.8.0_05.jdk/Contents/Home/jre/lib/jsse.jar:/Library/Java/JavaVirtualMachines/jdk1.8.0_05.jdk/Contents/Home/jre/lib/jce.jar:/Library/Java/JavaVirtualMachines/jdk1.8.0_05.jdk/Contents/Home/jre/lib/charsets.jar:/Library/Java/JavaVirtualMachines/jdk1.8.0_05.jdk/Contents/Home/jre/lib/jfr.jar:/Library/Java/JavaVirtualMachines/jdk1.8.0_05.jdk/Contents/Home/jre/classes:/Users/dave/.ivy2/cache/org.scala-lang/scala-library/jars/scala-library-2.11.1.jar
	-classpath
	/Users/dave/Sites/bsc_thesis/pplibdataanalyzer/target/scala-2.11/classes:/Users/dave/.ivy2/cache/com.typesafe.play/twirl-api_2.11/jars/twirl-api_2.11-1.0.2.jar:/Users/dave/.ivy2/cache/org.apache.commons/commons-lang3/jars/commons-lang3-3.1.jar:/Users/dave/.ivy2/cache/org.scala-lang.modules/scala-xml_2.11/bundles/scala-xml_2.11-1.0.1.jar:/Users/dave/.ivy2/cache/com.typesafe.play/play_2.11/jars/play_2.11-2.3.9.jar:/Users/dave/.ivy2/cache/com.typesafe.play/build-link/jars/build-link-2.3.9.jar:/Users/dave/.ivy2/cache/com.typesafe.play/play-exceptions/jars/play-exceptions-2.3.9.jar:/Users/dave/.ivy2/cache/org.javassist/javassist/bundles/javassist-3.18.2-GA.jar:/Users/dave/.ivy2/cache/com.typesafe.play/play-iteratees_2.11/jars/play-iteratees_2.11-2.3.9.jar:/Users/dave/.ivy2/cache/org.scala-stm/scala-stm_2.11/jars/scala-stm_2.11-0.7.jar:/Users/dave/.ivy2/cache/com.typesafe/config/bundles/config-1.2.1.jar:/Users/dave/.ivy2/cache/com.typesafe.play/play-json_2.11/jars/play-json_2.11-2.3.9.jar:/Users/dave/.ivy2/cache/com.typesafe.play/play-functional_2.11/jars/play-functional_2.11-2.3.9.jar:/Users/dave/.ivy2/cache/com.typesafe.play/play-datacommons_2.11/jars/play-datacommons_2.11-2.3.9.jar:/Users/dave/.ivy2/cache/joda-time/joda-time/jars/joda-time-2.3.jar:/Users/dave/.ivy2/cache/org.joda/joda-convert/jars/joda-convert-1.6.jar:/Users/dave/.ivy2/cache/com.fasterxml.jackson.core/jackson-annotations/bundles/jackson-annotations-2.3.2.jar:/Users/dave/.ivy2/cache/com.fasterxml.jackson.core/jackson-core/bundles/jackson-core-2.3.2.jar:/Users/dave/.ivy2/cache/com.fasterxml.jackson.core/jackson-databind/bundles/jackson-databind-2.3.2.jar:/Users/dave/.ivy2/cache/org.scala-lang/scala-reflect/jars/scala-reflect-2.11.1.jar:/Users/dave/.ivy2/cache/org.scala-lang.modules/scala-parser-combinators_2.11/bundles/scala-parser-combinators_2.11-1.0.1.jar:/Users/dave/.ivy2/cache/io.netty/netty/bundles/netty-3.9.8.Final.jar:/Users/dave/.ivy2/cache/com.typesafe.netty/netty-http-pipelining/jars/netty-http-pipelining-1.1.2.jar:/Users/dave/.ivy2/cache/org.slf4j/slf4j-api/jars/slf4j-api-1.7.6.jar:/Users/dave/.ivy2/cache/org.slf4j/jul-to-slf4j/jars/jul-to-slf4j-1.7.6.jar:/Users/dave/.ivy2/cache/org.slf4j/jcl-over-slf4j/jars/jcl-over-slf4j-1.7.6.jar:/Users/dave/.ivy2/cache/ch.qos.logback/logback-core/jars/logback-core-1.1.1.jar:/Users/dave/.ivy2/cache/ch.qos.logback/logback-classic/jars/logback-classic-1.1.1.jar:/Users/dave/.ivy2/cache/com.typesafe.akka/akka-actor_2.11/jars/akka-actor_2.11-2.3.4.jar:/Users/dave/.ivy2/cache/com.typesafe.akka/akka-slf4j_2.11/jars/akka-slf4j_2.11-2.3.4.jar:/Users/dave/.ivy2/cache/commons-codec/commons-codec/jars/commons-codec-1.9.jar:/Users/dave/.ivy2/cache/xerces/xercesImpl/jars/xercesImpl-2.11.0.jar:/Users/dave/.ivy2/cache/xml-apis/xml-apis/jars/xml-apis-1.4.01.jar:/Users/dave/.ivy2/cache/javax.transaction/jta/jars/jta-1.1.jar:/Users/dave/.ivy2/cache/io.really/jwt-scala_2.11/jars/jwt-scala_2.11-1.2.2.jar:/Users/dave/.ivy2/cache/org.bouncycastle/bcprov-jdk16/jars/bcprov-jdk16-1.46.jar:/Users/dave/.ivy2/cache/com.typesafe.play/play-jdbc_2.11/jars/play-jdbc_2.11-2.3.9.jar:/Users/dave/.ivy2/cache/com.jolbox/bonecp/bundles/bonecp-0.8.0.RELEASE.jar:/Users/dave/.ivy2/cache/com.h2database/h2/jars/h2-1.3.175.jar:/Users/dave/.ivy2/cache/tyrex/tyrex/jars/tyrex-1.0.1.jar:/Users/dave/.ivy2/cache/com.typesafe.play/anorm_2.11/jars/anorm_2.11-2.3.9.jar:/Users/dave/.ivy2/cache/com.jsuereth/scala-arm_2.11/jars/scala-arm_2.11-1.4.jar:/Users/dave/.ivy2/cache/org.scala-lang.plugins/scala-continuations-library_2.11/bundles/scala-continuations-library_2.11-1.0.1.jar:/Users/dave/.ivy2/cache/com.typesafe.play/play-cache_2.11/jars/play-cache_2.11-2.3.9.jar:/Users/dave/.ivy2/cache/net.sf.ehcache/ehcache-core/jars/ehcache-core-2.6.8.jar:/Users/dave/.ivy2/cache/com.typesafe.play/play-ws_2.11/jars/play-ws_2.11-2.3.9.jar:/Users/dave/.ivy2/cache/com.google.guava/guava/bundles/guava-16.0.1.jar:/Users/dave/.ivy2/cache/com.ning/async-http-client/jars/async-http-client-1.8.15.jar:/Users/dave/.ivy2/cache/oauth.signpost/signpost-core/jars/signpost-core-1.2.1.2.jar:/Users/dave/.ivy2/cache/oauth.signpost/signpost-commonshttp4/jars/signpost-commonshttp4-1.2.1.2.jar:/Users/dave/.ivy2/cache/org.apache.httpcomponents/httpcore/jars/httpcore-4.0.1.jar:/Users/dave/.ivy2/cache/org.apache.httpcomponents/httpclient/jars/httpclient-4.0.1.jar:/Users/dave/.ivy2/cache/commons-logging/commons-logging/jars/commons-logging-1.1.1.jar:/Users/dave/.ivy2/cache/com.typesafe.play/filters-helpers_2.11/jars/filters-helpers_2.11-2.3.9.jar:/Users/dave/.ivy2/cache/mysql/mysql-connector-java/jars/mysql-connector-java-5.1.27.jar
Scala compilation took 0.891303 s
New invalidations:
	Set()
Initial set of included nodes: Set()
Previously invalidated, but (transitively) depend on new invalidations:
	Set()
All newly invalidated sources after taking into account (previously) recompiled sources:Set()
Copy resource mappings: 
	(/Users/dave/Sites/bsc_thesis/pplibdataanalyzer/conf/application.conf,/Users/dave/Sites/bsc_thesis/pplibdataanalyzer/target/scala-2.11/classes/application.conf)
	(/Users/dave/Sites/bsc_thesis/pplibdataanalyzer/conf/routes,/Users/dave/Sites/bsc_thesis/pplibdataanalyzer/target/scala-2.11/classes/routes)
Total time: 1 s, completed 26.06.2015 05:33:52
> server-post-command-cleanup
> server-handle-next-server-request
> compile
Evaluating tasks: compile:compile
Running task... Cancel: sbt.server.ServerTaskCancellation@29d9e662, check cycles: false

Initial source changes: 
	removed:Set()
	added: Set()
	modified: Set(/Users/dave/Sites/bsc_thesis/pplibdataanalyzer/app/controllers/Coordinates.scala)
Removed products: Set()
External API changes: API Changes: Set()
Modified binary dependencies: Set()
Initial directly invalidated sources: Set(/Users/dave/Sites/bsc_thesis/pplibdataanalyzer/app/controllers/Coordinates.scala)

Sources indirectly invalidated by:
	product: Set()
	binary dep: Set()
	external source: Set()
All initially invalidated sources: Set(/Users/dave/Sites/bsc_thesis/pplibdataanalyzer/app/controllers/Coordinates.scala)

Read from stdout: Compiling 1 Scala source to /Users/dave/Sites/bsc_thesis/pplibdataanalyzer/target/scala-2.11/classes...
Compiling 1 Scala source to /Users/dave/Sites/bsc_thesis/pplibdataanalyzer/target/scala-2.11/classes...
Getting compiler-interface from component compiler for Scala 2.11.1
Other repositories:
Default repositories:
Getting compiler-interface from component compiler for Scala 2.11.1
Other repositories:
Default repositories:
Running cached compiler 5e9b386, interfacing (CompilerInterface) with Scala compiler version 2.11.1
Calling Scala compiler with arguments  (CompilerInterface):
	-deprecation
	-unchecked
	-encoding
	utf8
	-bootclasspath
	/Library/Java/JavaVirtualMachines/jdk1.8.0_05.jdk/Contents/Home/jre/lib/resources.jar:/Library/Java/JavaVirtualMachines/jdk1.8.0_05.jdk/Contents/Home/jre/lib/rt.jar:/Library/Java/JavaVirtualMachines/jdk1.8.0_05.jdk/Contents/Home/jre/lib/sunrsasign.jar:/Library/Java/JavaVirtualMachines/jdk1.8.0_05.jdk/Contents/Home/jre/lib/jsse.jar:/Library/Java/JavaVirtualMachines/jdk1.8.0_05.jdk/Contents/Home/jre/lib/jce.jar:/Library/Java/JavaVirtualMachines/jdk1.8.0_05.jdk/Contents/Home/jre/lib/charsets.jar:/Library/Java/JavaVirtualMachines/jdk1.8.0_05.jdk/Contents/Home/jre/lib/jfr.jar:/Library/Java/JavaVirtualMachines/jdk1.8.0_05.jdk/Contents/Home/jre/classes:/Users/dave/.ivy2/cache/org.scala-lang/scala-library/jars/scala-library-2.11.1.jar
	-classpath
	/Users/dave/Sites/bsc_thesis/pplibdataanalyzer/target/scala-2.11/classes:/Users/dave/.ivy2/cache/com.typesafe.play/twirl-api_2.11/jars/twirl-api_2.11-1.0.2.jar:/Users/dave/.ivy2/cache/org.apache.commons/commons-lang3/jars/commons-lang3-3.1.jar:/Users/dave/.ivy2/cache/org.scala-lang.modules/scala-xml_2.11/bundles/scala-xml_2.11-1.0.1.jar:/Users/dave/.ivy2/cache/com.typesafe.play/play_2.11/jars/play_2.11-2.3.9.jar:/Users/dave/.ivy2/cache/com.typesafe.play/build-link/jars/build-link-2.3.9.jar:/Users/dave/.ivy2/cache/com.typesafe.play/play-exceptions/jars/play-exceptions-2.3.9.jar:/Users/dave/.ivy2/cache/org.javassist/javassist/bundles/javassist-3.18.2-GA.jar:/Users/dave/.ivy2/cache/com.typesafe.play/play-iteratees_2.11/jars/play-iteratees_2.11-2.3.9.jar:/Users/dave/.ivy2/cache/org.scala-stm/scala-stm_2.11/jars/scala-stm_2.11-0.7.jar:/Users/dave/.ivy2/cache/com.typesafe/config/bundles/config-1.2.1.jar:/Users/dave/.ivy2/cache/com.typesafe.play/play-json_2.11/jars/play-json_2.11-2.3.9.jar:/Users/dave/.ivy2/cache/com.typesafe.play/play-functional_2.11/jars/play-functional_2.11-2.3.9.jar:/Users/dave/.ivy2/cache/com.typesafe.play/play-datacommons_2.11/jars/play-datacommons_2.11-2.3.9.jar:/Users/dave/.ivy2/cache/joda-time/joda-time/jars/joda-time-2.3.jar:/Users/dave/.ivy2/cache/org.joda/joda-convert/jars/joda-convert-1.6.jar:/Users/dave/.ivy2/cache/com.fasterxml.jackson.core/jackson-annotations/bundles/jackson-annotations-2.3.2.jar:/Users/dave/.ivy2/cache/com.fasterxml.jackson.core/jackson-core/bundles/jackson-core-2.3.2.jar:/Users/dave/.ivy2/cache/com.fasterxml.jackson.core/jackson-databind/bundles/jackson-databind-2.3.2.jar:/Users/dave/.ivy2/cache/org.scala-lang/scala-reflect/jars/scala-reflect-2.11.1.jar:/Users/dave/.ivy2/cache/org.scala-lang.modules/scala-parser-combinators_2.11/bundles/scala-parser-combinators_2.11-1.0.1.jar:/Users/dave/.ivy2/cache/io.netty/netty/bundles/netty-3.9.8.Final.jar:/Users/dave/.ivy2/cache/com.typesafe.netty/netty-http-pipelining/jars/netty-http-pipelining-1.1.2.jar:/Users/dave/.ivy2/cache/org.slf4j/slf4j-api/jars/slf4j-api-1.7.6.jar:/Users/dave/.ivy2/cache/org.slf4j/jul-to-slf4j/jars/jul-to-slf4j-1.7.6.jar:/Users/dave/.ivy2/cache/org.slf4j/jcl-over-slf4j/jars/jcl-over-slf4j-1.7.6.jar:/Users/dave/.ivy2/cache/ch.qos.logback/logback-core/jars/logback-core-1.1.1.jar:/Users/dave/.ivy2/cache/ch.qos.logback/logback-classic/jars/logback-classic-1.1.1.jar:/Users/dave/.ivy2/cache/com.typesafe.akka/akka-actor_2.11/jars/akka-actor_2.11-2.3.4.jar:/Users/dave/.ivy2/cache/com.typesafe.akka/akka-slf4j_2.11/jars/akka-slf4j_2.11-2.3.4.jar:/Users/dave/.ivy2/cache/commons-codec/commons-codec/jars/commons-codec-1.9.jar:/Users/dave/.ivy2/cache/xerces/xercesImpl/jars/xercesImpl-2.11.0.jar:/Users/dave/.ivy2/cache/xml-apis/xml-apis/jars/xml-apis-1.4.01.jar:/Users/dave/.ivy2/cache/javax.transaction/jta/jars/jta-1.1.jar:/Users/dave/.ivy2/cache/io.really/jwt-scala_2.11/jars/jwt-scala_2.11-1.2.2.jar:/Users/dave/.ivy2/cache/org.bouncycastle/bcprov-jdk16/jars/bcprov-jdk16-1.46.jar:/Users/dave/.ivy2/cache/com.typesafe.play/play-jdbc_2.11/jars/play-jdbc_2.11-2.3.9.jar:/Users/dave/.ivy2/cache/com.jolbox/bonecp/bundles/bonecp-0.8.0.RELEASE.jar:/Users/dave/.ivy2/cache/com.h2database/h2/jars/h2-1.3.175.jar:/Users/dave/.ivy2/cache/tyrex/tyrex/jars/tyrex-1.0.1.jar:/Users/dave/.ivy2/cache/com.typesafe.play/anorm_2.11/jars/anorm_2.11-2.3.9.jar:/Users/dave/.ivy2/cache/com.jsuereth/scala-arm_2.11/jars/scala-arm_2.11-1.4.jar:/Users/dave/.ivy2/cache/org.scala-lang.plugins/scala-continuations-library_2.11/bundles/scala-continuations-library_2.11-1.0.1.jar:/Users/dave/.ivy2/cache/com.typesafe.play/play-cache_2.11/jars/play-cache_2.11-2.3.9.jar:/Users/dave/.ivy2/cache/net.sf.ehcache/ehcache-core/jars/ehcache-core-2.6.8.jar:/Users/dave/.ivy2/cache/com.typesafe.play/play-ws_2.11/jars/play-ws_2.11-2.3.9.jar:/Users/dave/.ivy2/cache/com.google.guava/guava/bundles/guava-16.0.1.jar:/Users/dave/.ivy2/cache/com.ning/async-http-client/jars/async-http-client-1.8.15.jar:/Users/dave/.ivy2/cache/oauth.signpost/signpost-core/jars/signpost-core-1.2.1.2.jar:/Users/dave/.ivy2/cache/oauth.signpost/signpost-commonshttp4/jars/signpost-commonshttp4-1.2.1.2.jar:/Users/dave/.ivy2/cache/org.apache.httpcomponents/httpcore/jars/httpcore-4.0.1.jar:/Users/dave/.ivy2/cache/org.apache.httpcomponents/httpclient/jars/httpclient-4.0.1.jar:/Users/dave/.ivy2/cache/commons-logging/commons-logging/jars/commons-logging-1.1.1.jar:/Users/dave/.ivy2/cache/com.typesafe.play/filters-helpers_2.11/jars/filters-helpers_2.11-2.3.9.jar:/Users/dave/.ivy2/cache/mysql/mysql-connector-java/jars/mysql-connector-java-5.1.27.jar
Read from stdout: /Users/dave/Sites/bsc_thesis/pplibdataanalyzer/app/controllers/Coordinates.scala:78: type mismatch;
Read from stdout: found   : (Option[Int], Int, BigDecimal, BigDecimal, Int) => models.Coordinate
Read from stdout: required: (Option[Int], BigDecimal, BigDecimal, BigDecimal, Int) => ?
Read from stdout: Note: implicit object CoordinateWrites is not applicable here because it comes after the application point and it lacks an explicit result type
/Users/dave/Sites/bsc_thesis/pplibdataanalyzer/app/controllers/Coordinates.scala:78: type mismatch;
 found   : (Option[Int], Int, BigDecimal, BigDecimal, Int) => models.Coordinate
 required: (Option[Int], BigDecimal, BigDecimal, BigDecimal, Int) => ?
 Note: implicit object CoordinateWrites is not applicable here because it comes after the application point and it lacks an explicit result type
Read from stdout: )(Coordinate.apply)(Coordinate.unapply)
    )(Coordinate.apply)(Coordinate.unapply)
Read from stdout: ^
                 ^
Read from stdout: /Users/dave/Sites/bsc_thesis/pplibdataanalyzer/app/controllers/Coordinates.scala:78: missing arguments for method unapply in object Coordinate;
Read from stdout: follow this method with `_' if you want to treat it as a partially applied function
/Users/dave/Sites/bsc_thesis/pplibdataanalyzer/app/controllers/Coordinates.scala:78: missing arguments for method unapply in object Coordinate;
follow this method with `_' if you want to treat it as a partially applied function
Read from stdout: )(Coordinate.apply)(Coordinate.unapply)
    )(Coordinate.apply)(Coordinate.unapply)
Read from stdout: ^
                                   ^
Read from stdout: /Users/dave/Sites/bsc_thesis/pplibdataanalyzer/app/controllers/Coordinates.scala:169: overloaded method value apply with alternatives:
Read from stdout: [B](f: B => (Option[Int], scala.math.BigDecimal, scala.math.BigDecimal, scala.math.BigDecimal, Int))(implicit fu: play.api.libs.functional.ContravariantFunctor[play.api.libs.json.Reads])play.api.libs.json.Reads[B] <and>
Read from stdout: [B](f: (Option[Int], scala.math.BigDecimal, scala.math.BigDecimal, scala.math.BigDecimal, Int) => B)(implicit fu: play.api.libs.functional.Functor[play.api.libs.json.Reads])play.api.libs.json.Reads[B]
Read from stdout: cannot be applied to ((Option[Int], Int, BigDecimal, BigDecimal, Int) => models.Coordinate)
/Users/dave/Sites/bsc_thesis/pplibdataanalyzer/app/controllers/Coordinates.scala:169: overloaded method value apply with alternatives:
  [B](f: B => (Option[Int], scala.math.BigDecimal, scala.math.BigDecimal, scala.math.BigDecimal, Int))(implicit fu: play.api.libs.functional.ContravariantFunctor[play.api.libs.json.Reads])play.api.libs.json.Reads[B] <and>
  [B](f: (Option[Int], scala.math.BigDecimal, scala.math.BigDecimal, scala.math.BigDecimal, Int) => B)(implicit fu: play.api.libs.functional.Functor[play.api.libs.json.Reads])play.api.libs.json.Reads[B]
 cannot be applied to ((Option[Int], Int, BigDecimal, BigDecimal, Int) => models.Coordinate)
Read from stdout: (JsPath \ "dec").read[BigDecimal] and
      (JsPath \ "dec").read[BigDecimal] and
Read from stdout: ^
                                        ^
Read from stdout: three errors found
three errors found
Compilation failed (CompilerInterface)
Read from stdout: (compile:compileIncremental) Compilation failed
(compile:compileIncremental) Compilation failed
Total time: 1 s, completed 26.06.2015 05:35:24
> server-post-command-error-handler
> server-post-command-cleanup
> server-handle-next-server-request
> compile
Evaluating tasks: compile:compile
Running task... Cancel: sbt.server.ServerTaskCancellation@184a21a5, check cycles: false

Initial source changes: 
	removed:Set()
	added: Set()
	modified: Set(/Users/dave/Sites/bsc_thesis/pplibdataanalyzer/app/models/Coordinate.scala, /Users/dave/Sites/bsc_thesis/pplibdataanalyzer/app/controllers/Coordinates.scala)
Removed products: Set()
External API changes: API Changes: Set()
Modified binary dependencies: Set()
Initial directly invalidated sources: Set(/Users/dave/Sites/bsc_thesis/pplibdataanalyzer/app/models/Coordinate.scala, /Users/dave/Sites/bsc_thesis/pplibdataanalyzer/app/controllers/Coordinates.scala)

Sources indirectly invalidated by:
	product: Set()
	binary dep: Set()
	external source: Set()
All initially invalidated sources: Set(/Users/dave/Sites/bsc_thesis/pplibdataanalyzer/app/models/Coordinate.scala, /Users/dave/Sites/bsc_thesis/pplibdataanalyzer/app/controllers/Coordinates.scala)

Read from stdout: Compiling 2 Scala sources to /Users/dave/Sites/bsc_thesis/pplibdataanalyzer/target/scala-2.11/classes...
Compiling 2 Scala sources to /Users/dave/Sites/bsc_thesis/pplibdataanalyzer/target/scala-2.11/classes...
Getting compiler-interface from component compiler for Scala 2.11.1
Other repositories:
Default repositories:
Getting compiler-interface from component compiler for Scala 2.11.1
Other repositories:
Default repositories:
Running cached compiler 65ae2196, interfacing (CompilerInterface) with Scala compiler version 2.11.1
Calling Scala compiler with arguments  (CompilerInterface):
	-deprecation
	-unchecked
	-encoding
	utf8
	-bootclasspath
	/Library/Java/JavaVirtualMachines/jdk1.8.0_05.jdk/Contents/Home/jre/lib/resources.jar:/Library/Java/JavaVirtualMachines/jdk1.8.0_05.jdk/Contents/Home/jre/lib/rt.jar:/Library/Java/JavaVirtualMachines/jdk1.8.0_05.jdk/Contents/Home/jre/lib/sunrsasign.jar:/Library/Java/JavaVirtualMachines/jdk1.8.0_05.jdk/Contents/Home/jre/lib/jsse.jar:/Library/Java/JavaVirtualMachines/jdk1.8.0_05.jdk/Contents/Home/jre/lib/jce.jar:/Library/Java/JavaVirtualMachines/jdk1.8.0_05.jdk/Contents/Home/jre/lib/charsets.jar:/Library/Java/JavaVirtualMachines/jdk1.8.0_05.jdk/Contents/Home/jre/lib/jfr.jar:/Library/Java/JavaVirtualMachines/jdk1.8.0_05.jdk/Contents/Home/jre/classes:/Users/dave/.ivy2/cache/org.scala-lang/scala-library/jars/scala-library-2.11.1.jar
	-classpath
	/Users/dave/Sites/bsc_thesis/pplibdataanalyzer/target/scala-2.11/classes:/Users/dave/.ivy2/cache/com.typesafe.play/twirl-api_2.11/jars/twirl-api_2.11-1.0.2.jar:/Users/dave/.ivy2/cache/org.apache.commons/commons-lang3/jars/commons-lang3-3.1.jar:/Users/dave/.ivy2/cache/org.scala-lang.modules/scala-xml_2.11/bundles/scala-xml_2.11-1.0.1.jar:/Users/dave/.ivy2/cache/com.typesafe.play/play_2.11/jars/play_2.11-2.3.9.jar:/Users/dave/.ivy2/cache/com.typesafe.play/build-link/jars/build-link-2.3.9.jar:/Users/dave/.ivy2/cache/com.typesafe.play/play-exceptions/jars/play-exceptions-2.3.9.jar:/Users/dave/.ivy2/cache/org.javassist/javassist/bundles/javassist-3.18.2-GA.jar:/Users/dave/.ivy2/cache/com.typesafe.play/play-iteratees_2.11/jars/play-iteratees_2.11-2.3.9.jar:/Users/dave/.ivy2/cache/org.scala-stm/scala-stm_2.11/jars/scala-stm_2.11-0.7.jar:/Users/dave/.ivy2/cache/com.typesafe/config/bundles/config-1.2.1.jar:/Users/dave/.ivy2/cache/com.typesafe.play/play-json_2.11/jars/play-json_2.11-2.3.9.jar:/Users/dave/.ivy2/cache/com.typesafe.play/play-functional_2.11/jars/play-functional_2.11-2.3.9.jar:/Users/dave/.ivy2/cache/com.typesafe.play/play-datacommons_2.11/jars/play-datacommons_2.11-2.3.9.jar:/Users/dave/.ivy2/cache/joda-time/joda-time/jars/joda-time-2.3.jar:/Users/dave/.ivy2/cache/org.joda/joda-convert/jars/joda-convert-1.6.jar:/Users/dave/.ivy2/cache/com.fasterxml.jackson.core/jackson-annotations/bundles/jackson-annotations-2.3.2.jar:/Users/dave/.ivy2/cache/com.fasterxml.jackson.core/jackson-core/bundles/jackson-core-2.3.2.jar:/Users/dave/.ivy2/cache/com.fasterxml.jackson.core/jackson-databind/bundles/jackson-databind-2.3.2.jar:/Users/dave/.ivy2/cache/org.scala-lang/scala-reflect/jars/scala-reflect-2.11.1.jar:/Users/dave/.ivy2/cache/org.scala-lang.modules/scala-parser-combinators_2.11/bundles/scala-parser-combinators_2.11-1.0.1.jar:/Users/dave/.ivy2/cache/io.netty/netty/bundles/netty-3.9.8.Final.jar:/Users/dave/.ivy2/cache/com.typesafe.netty/netty-http-pipelining/jars/netty-http-pipelining-1.1.2.jar:/Users/dave/.ivy2/cache/org.slf4j/slf4j-api/jars/slf4j-api-1.7.6.jar:/Users/dave/.ivy2/cache/org.slf4j/jul-to-slf4j/jars/jul-to-slf4j-1.7.6.jar:/Users/dave/.ivy2/cache/org.slf4j/jcl-over-slf4j/jars/jcl-over-slf4j-1.7.6.jar:/Users/dave/.ivy2/cache/ch.qos.logback/logback-core/jars/logback-core-1.1.1.jar:/Users/dave/.ivy2/cache/ch.qos.logback/logback-classic/jars/logback-classic-1.1.1.jar:/Users/dave/.ivy2/cache/com.typesafe.akka/akka-actor_2.11/jars/akka-actor_2.11-2.3.4.jar:/Users/dave/.ivy2/cache/com.typesafe.akka/akka-slf4j_2.11/jars/akka-slf4j_2.11-2.3.4.jar:/Users/dave/.ivy2/cache/commons-codec/commons-codec/jars/commons-codec-1.9.jar:/Users/dave/.ivy2/cache/xerces/xercesImpl/jars/xercesImpl-2.11.0.jar:/Users/dave/.ivy2/cache/xml-apis/xml-apis/jars/xml-apis-1.4.01.jar:/Users/dave/.ivy2/cache/javax.transaction/jta/jars/jta-1.1.jar:/Users/dave/.ivy2/cache/io.really/jwt-scala_2.11/jars/jwt-scala_2.11-1.2.2.jar:/Users/dave/.ivy2/cache/org.bouncycastle/bcprov-jdk16/jars/bcprov-jdk16-1.46.jar:/Users/dave/.ivy2/cache/com.typesafe.play/play-jdbc_2.11/jars/play-jdbc_2.11-2.3.9.jar:/Users/dave/.ivy2/cache/com.jolbox/bonecp/bundles/bonecp-0.8.0.RELEASE.jar:/Users/dave/.ivy2/cache/com.h2database/h2/jars/h2-1.3.175.jar:/Users/dave/.ivy2/cache/tyrex/tyrex/jars/tyrex-1.0.1.jar:/Users/dave/.ivy2/cache/com.typesafe.play/anorm_2.11/jars/anorm_2.11-2.3.9.jar:/Users/dave/.ivy2/cache/com.jsuereth/scala-arm_2.11/jars/scala-arm_2.11-1.4.jar:/Users/dave/.ivy2/cache/org.scala-lang.plugins/scala-continuations-library_2.11/bundles/scala-continuations-library_2.11-1.0.1.jar:/Users/dave/.ivy2/cache/com.typesafe.play/play-cache_2.11/jars/play-cache_2.11-2.3.9.jar:/Users/dave/.ivy2/cache/net.sf.ehcache/ehcache-core/jars/ehcache-core-2.6.8.jar:/Users/dave/.ivy2/cache/com.typesafe.play/play-ws_2.11/jars/play-ws_2.11-2.3.9.jar:/Users/dave/.ivy2/cache/com.google.guava/guava/bundles/guava-16.0.1.jar:/Users/dave/.ivy2/cache/com.ning/async-http-client/jars/async-http-client-1.8.15.jar:/Users/dave/.ivy2/cache/oauth.signpost/signpost-core/jars/signpost-core-1.2.1.2.jar:/Users/dave/.ivy2/cache/oauth.signpost/signpost-commonshttp4/jars/signpost-commonshttp4-1.2.1.2.jar:/Users/dave/.ivy2/cache/org.apache.httpcomponents/httpcore/jars/httpcore-4.0.1.jar:/Users/dave/.ivy2/cache/org.apache.httpcomponents/httpclient/jars/httpclient-4.0.1.jar:/Users/dave/.ivy2/cache/commons-logging/commons-logging/jars/commons-logging-1.1.1.jar:/Users/dave/.ivy2/cache/com.typesafe.play/filters-helpers_2.11/jars/filters-helpers_2.11-2.3.9.jar:/Users/dave/.ivy2/cache/mysql/mysql-connector-java/jars/mysql-connector-java-5.1.27.jar
Read from stdout: there were 1 feature warning(s); re-run with -feature for details
there were 1 feature warning(s); re-run with -feature for details
Read from stdout: one warning found
one warning found
Scala compilation took 2.37414 s
Invalidating /Users/dave/Sites/bsc_thesis/pplibdataanalyzer/app/models/Coordinate.scala...
Invalidating (transitively) by inheritance from /Users/dave/Sites/bsc_thesis/pplibdataanalyzer/app/models/Coordinate.scala...
Initial set of included nodes: Set(/Users/dave/Sites/bsc_thesis/pplibdataanalyzer/app/models/Coordinate.scala)
Invalidated by transitive inheritance dependency: Set(/Users/dave/Sites/bsc_thesis/pplibdataanalyzer/app/models/Coordinate.scala)
The /Users/dave/Sites/bsc_thesis/pplibdataanalyzer/app/models/Coordinate.scala source file has the following regular definitions changed:
	unapply, insertCoordinate, copy$default$2, sdss_id, <init>, apply, copy.
All member reference dependencies will be considered within this context.
The following modified names cause invalidation of /Users/dave/Sites/bsc_thesis/pplibdataanalyzer/app/controllers/Coordinates.scala: Set(insertCoordinate, sdss_id, <init>, apply)
The following modified names cause invalidation of /Users/dave/Sites/bsc_thesis/pplibdataanalyzer/target/scala-2.11/twirl/main/views/html/coordinatelist.template.scala: Set(sdss_id, <init>, apply)
The following modified names cause invalidation of /Users/dave/Sites/bsc_thesis/pplibdataanalyzer/app/controllers/Application.scala: Set(<init>, apply)
New invalidations:
	Set(/Users/dave/Sites/bsc_thesis/pplibdataanalyzer/app/controllers/Coordinates.scala, /Users/dave/Sites/bsc_thesis/pplibdataanalyzer/target/scala-2.11/twirl/main/views/html/coordinatelist.template.scala, /Users/dave/Sites/bsc_thesis/pplibdataanalyzer/app/controllers/Application.scala)
Initial set of included nodes: Set(/Users/dave/Sites/bsc_thesis/pplibdataanalyzer/app/controllers/Coordinates.scala, /Users/dave/Sites/bsc_thesis/pplibdataanalyzer/target/scala-2.11/twirl/main/views/html/coordinatelist.template.scala, /Users/dave/Sites/bsc_thesis/pplibdataanalyzer/app/controllers/Application.scala)
Including /Users/dave/Sites/bsc_thesis/pplibdataanalyzer/target/scala-2.11/src_managed/main/routes_routing.scala by /Users/dave/Sites/bsc_thesis/pplibdataanalyzer/app/controllers/Coordinates.scala
Including /Users/dave/Sites/bsc_thesis/pplibdataanalyzer/target/scala-2.11/src_managed/main/routes_reverseRouting.scala by /Users/dave/Sites/bsc_thesis/pplibdataanalyzer/target/scala-2.11/src_managed/main/routes_routing.scala
Including /Users/dave/Sites/bsc_thesis/pplibdataanalyzer/target/scala-2.11/twirl/main/views/html/main.template.scala by /Users/dave/Sites/bsc_thesis/pplibdataanalyzer/target/scala-2.11/src_managed/main/routes_reverseRouting.scala
Including /Users/dave/Sites/bsc_thesis/pplibdataanalyzer/target/scala-2.11/twirl/main/views/html/login.template.scala by /Users/dave/Sites/bsc_thesis/pplibdataanalyzer/target/scala-2.11/twirl/main/views/html/main.template.scala
Including /Users/dave/Sites/bsc_thesis/pplibdataanalyzer/app/controllers/Application.scala by /Users/dave/Sites/bsc_thesis/pplibdataanalyzer/target/scala-2.11/twirl/main/views/html/login.template.scala
Including /Users/dave/Sites/bsc_thesis/pplibdataanalyzer/target/scala-2.11/twirl/main/views/html/coordinatelist.template.scala by /Users/dave/Sites/bsc_thesis/pplibdataanalyzer/target/scala-2.11/twirl/main/views/html/main.template.scala
Including /Users/dave/Sites/bsc_thesis/pplibdataanalyzer/target/scala-2.11/twirl/main/views/html/userlist.template.scala by /Users/dave/Sites/bsc_thesis/pplibdataanalyzer/target/scala-2.11/twirl/main/views/html/main.template.scala
Including /Users/dave/Sites/bsc_thesis/pplibdataanalyzer/app/controllers/Users.scala by /Users/dave/Sites/bsc_thesis/pplibdataanalyzer/target/scala-2.11/twirl/main/views/html/userlist.template.scala
Including /Users/dave/Sites/bsc_thesis/pplibdataanalyzer/target/scala-2.11/twirl/main/views/html/tasklog.template.scala by /Users/dave/Sites/bsc_thesis/pplibdataanalyzer/target/scala-2.11/twirl/main/views/html/main.template.scala
Including /Users/dave/Sites/bsc_thesis/pplibdataanalyzer/target/scala-2.11/twirl/main/views/html/tasklist.template.scala by /Users/dave/Sites/bsc_thesis/pplibdataanalyzer/target/scala-2.11/twirl/main/views/html/main.template.scala
Including /Users/dave/Sites/bsc_thesis/pplibdataanalyzer/target/scala-2.11/twirl/main/views/html/show.template.scala by /Users/dave/Sites/bsc_thesis/pplibdataanalyzer/target/scala-2.11/twirl/main/views/html/main.template.scala
Including /Users/dave/Sites/bsc_thesis/pplibdataanalyzer/target/scala-2.11/src_managed/main/controllers/routes.java by /Users/dave/Sites/bsc_thesis/pplibdataanalyzer/target/scala-2.11/src_managed/main/routes_reverseRouting.scala
Previously invalidated, but (transitively) depend on new invalidations:
	Set()
All newly invalidated sources after taking into account (previously) recompiled sources:Set(/Users/dave/Sites/bsc_thesis/pplibdataanalyzer/target/scala-2.11/twirl/main/views/html/coordinatelist.template.scala, /Users/dave/Sites/bsc_thesis/pplibdataanalyzer/app/controllers/Application.scala)
Read from stdout: Compiling 3 Scala sources to /Users/dave/Sites/bsc_thesis/pplibdataanalyzer/target/scala-2.11/classes...
Compiling 3 Scala sources to /Users/dave/Sites/bsc_thesis/pplibdataanalyzer/target/scala-2.11/classes...
Getting compiler-interface from component compiler for Scala 2.11.1
Other repositories:
Default repositories:
Getting compiler-interface from component compiler for Scala 2.11.1
Other repositories:
Default repositories:
Running cached compiler 27e97cd, interfacing (CompilerInterface) with Scala compiler version 2.11.1
Calling Scala compiler with arguments  (CompilerInterface):
	-deprecation
	-unchecked
	-encoding
	utf8
	-bootclasspath
	/Library/Java/JavaVirtualMachines/jdk1.8.0_05.jdk/Contents/Home/jre/lib/resources.jar:/Library/Java/JavaVirtualMachines/jdk1.8.0_05.jdk/Contents/Home/jre/lib/rt.jar:/Library/Java/JavaVirtualMachines/jdk1.8.0_05.jdk/Contents/Home/jre/lib/sunrsasign.jar:/Library/Java/JavaVirtualMachines/jdk1.8.0_05.jdk/Contents/Home/jre/lib/jsse.jar:/Library/Java/JavaVirtualMachines/jdk1.8.0_05.jdk/Contents/Home/jre/lib/jce.jar:/Library/Java/JavaVirtualMachines/jdk1.8.0_05.jdk/Contents/Home/jre/lib/charsets.jar:/Library/Java/JavaVirtualMachines/jdk1.8.0_05.jdk/Contents/Home/jre/lib/jfr.jar:/Library/Java/JavaVirtualMachines/jdk1.8.0_05.jdk/Contents/Home/jre/classes:/Users/dave/.ivy2/cache/org.scala-lang/scala-library/jars/scala-library-2.11.1.jar
	-classpath
	/Users/dave/Sites/bsc_thesis/pplibdataanalyzer/target/scala-2.11/classes:/Users/dave/.ivy2/cache/com.typesafe.play/twirl-api_2.11/jars/twirl-api_2.11-1.0.2.jar:/Users/dave/.ivy2/cache/org.apache.commons/commons-lang3/jars/commons-lang3-3.1.jar:/Users/dave/.ivy2/cache/org.scala-lang.modules/scala-xml_2.11/bundles/scala-xml_2.11-1.0.1.jar:/Users/dave/.ivy2/cache/com.typesafe.play/play_2.11/jars/play_2.11-2.3.9.jar:/Users/dave/.ivy2/cache/com.typesafe.play/build-link/jars/build-link-2.3.9.jar:/Users/dave/.ivy2/cache/com.typesafe.play/play-exceptions/jars/play-exceptions-2.3.9.jar:/Users/dave/.ivy2/cache/org.javassist/javassist/bundles/javassist-3.18.2-GA.jar:/Users/dave/.ivy2/cache/com.typesafe.play/play-iteratees_2.11/jars/play-iteratees_2.11-2.3.9.jar:/Users/dave/.ivy2/cache/org.scala-stm/scala-stm_2.11/jars/scala-stm_2.11-0.7.jar:/Users/dave/.ivy2/cache/com.typesafe/config/bundles/config-1.2.1.jar:/Users/dave/.ivy2/cache/com.typesafe.play/play-json_2.11/jars/play-json_2.11-2.3.9.jar:/Users/dave/.ivy2/cache/com.typesafe.play/play-functional_2.11/jars/play-functional_2.11-2.3.9.jar:/Users/dave/.ivy2/cache/com.typesafe.play/play-datacommons_2.11/jars/play-datacommons_2.11-2.3.9.jar:/Users/dave/.ivy2/cache/joda-time/joda-time/jars/joda-time-2.3.jar:/Users/dave/.ivy2/cache/org.joda/joda-convert/jars/joda-convert-1.6.jar:/Users/dave/.ivy2/cache/com.fasterxml.jackson.core/jackson-annotations/bundles/jackson-annotations-2.3.2.jar:/Users/dave/.ivy2/cache/com.fasterxml.jackson.core/jackson-core/bundles/jackson-core-2.3.2.jar:/Users/dave/.ivy2/cache/com.fasterxml.jackson.core/jackson-databind/bundles/jackson-databind-2.3.2.jar:/Users/dave/.ivy2/cache/org.scala-lang/scala-reflect/jars/scala-reflect-2.11.1.jar:/Users/dave/.ivy2/cache/org.scala-lang.modules/scala-parser-combinators_2.11/bundles/scala-parser-combinators_2.11-1.0.1.jar:/Users/dave/.ivy2/cache/io.netty/netty/bundles/netty-3.9.8.Final.jar:/Users/dave/.ivy2/cache/com.typesafe.netty/netty-http-pipelining/jars/netty-http-pipelining-1.1.2.jar:/Users/dave/.ivy2/cache/org.slf4j/slf4j-api/jars/slf4j-api-1.7.6.jar:/Users/dave/.ivy2/cache/org.slf4j/jul-to-slf4j/jars/jul-to-slf4j-1.7.6.jar:/Users/dave/.ivy2/cache/org.slf4j/jcl-over-slf4j/jars/jcl-over-slf4j-1.7.6.jar:/Users/dave/.ivy2/cache/ch.qos.logback/logback-core/jars/logback-core-1.1.1.jar:/Users/dave/.ivy2/cache/ch.qos.logback/logback-classic/jars/logback-classic-1.1.1.jar:/Users/dave/.ivy2/cache/com.typesafe.akka/akka-actor_2.11/jars/akka-actor_2.11-2.3.4.jar:/Users/dave/.ivy2/cache/com.typesafe.akka/akka-slf4j_2.11/jars/akka-slf4j_2.11-2.3.4.jar:/Users/dave/.ivy2/cache/commons-codec/commons-codec/jars/commons-codec-1.9.jar:/Users/dave/.ivy2/cache/xerces/xercesImpl/jars/xercesImpl-2.11.0.jar:/Users/dave/.ivy2/cache/xml-apis/xml-apis/jars/xml-apis-1.4.01.jar:/Users/dave/.ivy2/cache/javax.transaction/jta/jars/jta-1.1.jar:/Users/dave/.ivy2/cache/io.really/jwt-scala_2.11/jars/jwt-scala_2.11-1.2.2.jar:/Users/dave/.ivy2/cache/org.bouncycastle/bcprov-jdk16/jars/bcprov-jdk16-1.46.jar:/Users/dave/.ivy2/cache/com.typesafe.play/play-jdbc_2.11/jars/play-jdbc_2.11-2.3.9.jar:/Users/dave/.ivy2/cache/com.jolbox/bonecp/bundles/bonecp-0.8.0.RELEASE.jar:/Users/dave/.ivy2/cache/com.h2database/h2/jars/h2-1.3.175.jar:/Users/dave/.ivy2/cache/tyrex/tyrex/jars/tyrex-1.0.1.jar:/Users/dave/.ivy2/cache/com.typesafe.play/anorm_2.11/jars/anorm_2.11-2.3.9.jar:/Users/dave/.ivy2/cache/com.jsuereth/scala-arm_2.11/jars/scala-arm_2.11-1.4.jar:/Users/dave/.ivy2/cache/org.scala-lang.plugins/scala-continuations-library_2.11/bundles/scala-continuations-library_2.11-1.0.1.jar:/Users/dave/.ivy2/cache/com.typesafe.play/play-cache_2.11/jars/play-cache_2.11-2.3.9.jar:/Users/dave/.ivy2/cache/net.sf.ehcache/ehcache-core/jars/ehcache-core-2.6.8.jar:/Users/dave/.ivy2/cache/com.typesafe.play/play-ws_2.11/jars/play-ws_2.11-2.3.9.jar:/Users/dave/.ivy2/cache/com.google.guava/guava/bundles/guava-16.0.1.jar:/Users/dave/.ivy2/cache/com.ning/async-http-client/jars/async-http-client-1.8.15.jar:/Users/dave/.ivy2/cache/oauth.signpost/signpost-core/jars/signpost-core-1.2.1.2.jar:/Users/dave/.ivy2/cache/oauth.signpost/signpost-commonshttp4/jars/signpost-commonshttp4-1.2.1.2.jar:/Users/dave/.ivy2/cache/org.apache.httpcomponents/httpcore/jars/httpcore-4.0.1.jar:/Users/dave/.ivy2/cache/org.apache.httpcomponents/httpclient/jars/httpclient-4.0.1.jar:/Users/dave/.ivy2/cache/commons-logging/commons-logging/jars/commons-logging-1.1.1.jar:/Users/dave/.ivy2/cache/com.typesafe.play/filters-helpers_2.11/jars/filters-helpers_2.11-2.3.9.jar:/Users/dave/.ivy2/cache/mysql/mysql-connector-java/jars/mysql-connector-java-5.1.27.jar
Read from stdout: there were 1 feature warning(s); re-run with -feature for details
there were 1 feature warning(s); re-run with -feature for details
Read from stdout: one warning found
one warning found
Scala compilation took 1.458304 s
New invalidations:
	Set()
Initial set of included nodes: Set()
Previously invalidated, but (transitively) depend on new invalidations:
	Set()
All newly invalidated sources after taking into account (previously) recompiled sources:Set()
Total time: 4 s, completed 26.06.2015 05:35:59
> server-post-command-cleanup
> server-handle-next-server-request
> {file:/Users/dave/Sites/bsc_thesis/pplibdataanalyzer/}root/*:playForkReload
Evaluating tasks: *:playForkReload
Running task... Cancel: sbt.server.ServerTaskCancellation@19ac4792, check cycles: false

Initial source changes: 
	removed:Set()
	added: Set()
	modified: Set()
Removed products: Set()
External API changes: API Changes: Set()
Modified binary dependencies: Set()
Initial directly invalidated sources: Set()

Sources indirectly invalidated by:
	product: Set()
	binary dep: Set()
	external source: Set()
All initially invalidated sources: Set()

Copy resource mappings: 
	(/Users/dave/Sites/bsc_thesis/pplibdataanalyzer/conf/application.conf,/Users/dave/Sites/bsc_thesis/pplibdataanalyzer/target/scala-2.11/classes/application.conf)
	(/Users/dave/Sites/bsc_thesis/pplibdataanalyzer/conf/routes,/Users/dave/Sites/bsc_thesis/pplibdataanalyzer/target/scala-2.11/classes/routes)
Total time: 0 s, completed 26.06.2015 05:35:59
> server-post-command-cleanup
> server-handle-next-server-request
> {file:/Users/dave/Sites/bsc_thesis/pplibdataanalyzer/}root/*:playForkReload
Evaluating tasks: *:playForkReload
Running task... Cancel: sbt.server.ServerTaskCancellation@aefa52a, check cycles: false

Initial source changes: 
	removed:Set()
	added: Set()
	modified: Set()
Removed products: Set()
External API changes: API Changes: Set()
Modified binary dependencies: Set()
Initial directly invalidated sources: Set()

Sources indirectly invalidated by:
	product: Set()
	binary dep: Set()
	external source: Set()
All initially invalidated sources: Set()

Copy resource mappings: 
	(/Users/dave/Sites/bsc_thesis/pplibdataanalyzer/conf/application.conf,/Users/dave/Sites/bsc_thesis/pplibdataanalyzer/target/scala-2.11/classes/application.conf)
	(/Users/dave/Sites/bsc_thesis/pplibdataanalyzer/conf/routes,/Users/dave/Sites/bsc_thesis/pplibdataanalyzer/target/scala-2.11/classes/routes)
Total time: 1 s, completed 26.06.2015 05:39:54
> server-post-command-cleanup
> server-handle-next-server-request
